<?xml version="1.0" encoding="UTF-8"?>
<!-- Generated by org.testng.reporters.JUnitXMLReporter -->
<testsuite hostname="DESKTOP-N52SP9I" ignored="3" name="Default test" tests="1" failures="0" timestamp="25 Apr 2018 01:28:35 GMT" time="16.376" errors="0">
  <testcase name="LoginAndScheduleFlight_BackToHome" time="13.208" classname="TestCases.MercuryUI"/>
  <testcase name="NewUserRegistration" time="0.0" classname="TestCases.MercuryUI">
    <ignored/>
  </testcase> <!-- NewUserRegistration -->
  <testcase name="LoginAndScheduleFlight_RoundTrip" time="0.0" classname="TestCases.MercuryUI">
    <ignored/>
  </testcase> <!-- LoginAndScheduleFlight_RoundTrip -->
  <testcase name="LoginAndScheduleFlight_OneWay" time="0.0" classname="TestCases.MercuryUI">
    <ignored/>
  </testcase> <!-- LoginAndScheduleFlight_OneWay -->
</testsuite> <!-- Default test -->
