<?xml version="1.0" encoding="UTF-8"?>
<testng-results skipped="0" failed="0" ignored="0" total="1" passed="1">
  <reporter-output>
  </reporter-output>
  <suite name="Default suite" duration-ms="13582" started-at="2018-01-17T05:01:24Z" finished-at="2018-01-17T05:01:37Z">
    <groups>
    </groups>
    <test name="Default test" duration-ms="13582" started-at="2018-01-17T05:01:24Z" finished-at="2018-01-17T05:01:37Z">
      <class name="TestCases">
        <test-method status="PASS" signature="beforeClass()[pri:0, instance:TestCases@3b5b47]" name="beforeClass" is-config="true" duration-ms="73" started-at="2018-01-16T23:01:24Z" finished-at="2018-01-16T23:01:24Z">
          <reporter-output>
          </reporter-output>
        </test-method> <!-- beforeClass -->
        <test-method status="PASS" signature="beforeMethod()[pri:0, instance:TestCases@3b5b47]" name="beforeMethod" is-config="true" duration-ms="0" started-at="2018-01-16T23:01:24Z" finished-at="2018-01-16T23:01:24Z">
          <reporter-output>
          </reporter-output>
        </test-method> <!-- beforeMethod -->
        <test-method status="PASS" signature="FristScript()[pri:0, instance:TestCases@3b5b47]" name="FristScript" duration-ms="12006" started-at="2018-01-16T23:01:24Z" finished-at="2018-01-16T23:01:36Z">
          <reporter-output>
          </reporter-output>
        </test-method> <!-- FristScript -->
        <test-method status="PASS" signature="afterMethod()[pri:0, instance:TestCases@3b5b47]" name="afterMethod" is-config="true" duration-ms="0" started-at="2018-01-16T23:01:36Z" finished-at="2018-01-16T23:01:36Z">
          <reporter-output>
          </reporter-output>
        </test-method> <!-- afterMethod -->
        <test-method status="PASS" signature="afterClass()[pri:0, instance:TestCases@3b5b47]" name="afterClass" is-config="true" duration-ms="1439" started-at="2018-01-16T23:01:36Z" finished-at="2018-01-16T23:01:37Z">
          <reporter-output>
          </reporter-output>
        </test-method> <!-- afterClass -->
      </class> <!-- TestCases -->
    </test> <!-- Default test -->
  </suite> <!-- Default suite -->
</testng-results>
