<?xml version="1.0" encoding="UTF-8"?>
<testng-results skipped="0" failed="0" ignored="0" total="1" passed="1">
  <reporter-output>
  </reporter-output>
  <suite name="Default suite" duration-ms="36332" started-at="2018-02-17T06:29:23Z" finished-at="2018-02-17T06:29:59Z">
    <groups>
    </groups>
    <test name="Default test" duration-ms="36332" started-at="2018-02-17T06:29:23Z" finished-at="2018-02-17T06:29:59Z">
      <class name="Microsoft_TestCases.TestCases">
        <test-method status="PASS" signature="beforeTest()[pri:0, instance:Microsoft_TestCases.TestCases@1b699ef]" name="beforeTest" is-config="true" duration-ms="2406" started-at="2018-02-17T00:29:23Z" finished-at="2018-02-17T00:29:25Z">
          <reporter-output>
          </reporter-output>
        </test-method> <!-- beforeTest -->
        <test-method status="PASS" signature="GameFlow()[pri:0, instance:Microsoft_TestCases.TestCases@1b699ef]" name="GameFlow" duration-ms="33895" started-at="2018-02-17T00:29:25Z" finished-at="2018-02-17T00:29:59Z">
          <reporter-output>
          </reporter-output>
        </test-method> <!-- GameFlow -->
        <test-method status="PASS" signature="afterTest()[pri:0, instance:Microsoft_TestCases.TestCases@1b699ef]" name="afterTest" is-config="true" duration-ms="0" started-at="2018-02-17T00:29:59Z" finished-at="2018-02-17T00:29:59Z">
          <reporter-output>
          </reporter-output>
        </test-method> <!-- afterTest -->
      </class> <!-- Microsoft_TestCases.TestCases -->
    </test> <!-- Default test -->
  </suite> <!-- Default suite -->
</testng-results>
